  [4;36;1mSQL (0.000190)[0m   [0;1mSET SQL_AUTO_IS_NULL=0[0m
  [4;35;1mSQL (0.094976)[0m   [0mCREATE TABLE schema_info (version int(11))[0m
  [4;36;1mSQL (0.043946)[0m   [0;1mINSERT INTO schema_info (version) VALUES(0)[0m
  [4;35;1mSQL (0.000000)[0m   [0mMysql::Error: #42S01Table 'schema_info' already exists: CREATE TABLE schema_info (version int(11))[0m
  [4;36;1mSQL (0.000501)[0m   [0;1mSELECT version FROM schema_info[0m
Migrating to CreateUsers (1)
  [4;36;1mSQL (0.000190)[0m   [0;1mSET SQL_AUTO_IS_NULL=0[0m
  [4;35;1mSQL (0.000000)[0m   [0mMysql::Error: #42S01Table 'schema_info' already exists: CREATE TABLE schema_info (version int(11))[0m
  [4;36;1mSQL (0.000000)[0m   [0;1mMysql::Error: #42S01Table 'schema_info' already exists: CREATE TABLE schema_info (version int(11))[0m
  [4;35;1mSQL (0.000369)[0m   [0mSELECT version FROM schema_info[0m
Migrating to CreateUsers (1)
  [4;36;1mSQL (0.169042)[0m   [0;1mCREATE TABLE users (`id` int(11) DEFAULT NULL auto_increment PRIMARY KEY, `username` varchar(255) DEFAULT NULL, `name` varchar(255) DEFAULT NULL, `email` varchar(255) DEFAULT NULL) ENGINE=InnoDB[0m
  [4;35;1mSQL (0.017762)[0m   [0mUPDATE schema_info SET version = 1[0m
  [4;36;1mSQL (0.000537)[0m   [0;1mSELECT * FROM schema_info[0m
  [4;35;1mSQL (0.011112)[0m   [0mSHOW TABLES[0m
  [4;36;1mSQL (0.002523)[0m   [0;1mSHOW FIELDS FROM users[0m
  [4;35;1mSQL (0.002087)[0m   [0mSHOW KEYS FROM users[0m


Processing ApplicationController#index (for 127.0.0.1 at 2007-05-22 10:22:49) [GET]
  Session ID: 993d80c27c865a3f0889ff0be5d4e417
  Parameters: {}


ActionController::RoutingError (no route found to match "/users" with {:method=>:get}):
    /opt/local/lib/ruby/gems/1.8/gems/actionpack-1.13.3/lib/action_controller/routing.rb:1292:in `recognize_path'
    /opt/local/lib/ruby/gems/1.8/gems/actionpack-1.13.3/lib/action_controller/routing.rb:1282:in `recognize'
    /opt/local/lib/ruby/gems/1.8/gems/rails-1.2.3/lib/dispatcher.rb:40:in `dispatch'
    /opt/local/lib/ruby/gems/1.8/gems/mongrel-0.3.13.4/lib/mongrel/rails.rb:84:in `process'
    /opt/local/lib/ruby/1.8/sync.rb:229:in `synchronize'
    /opt/local/lib/ruby/gems/1.8/gems/mongrel-0.3.13.4/lib/mongrel/rails.rb:83:in `process'
    /opt/local/lib/ruby/gems/1.8/gems/mongrel-0.3.13.4/lib/mongrel.rb:580:in `process_client'
    /opt/local/lib/ruby/gems/1.8/gems/mongrel-0.3.13.4/lib/mongrel.rb:579:in `each'
    /opt/local/lib/ruby/gems/1.8/gems/mongrel-0.3.13.4/lib/mongrel.rb:579:in `process_client'
    /opt/local/lib/ruby/gems/1.8/gems/mongrel-0.3.13.4/lib/mongrel.rb:686:in `run'
    /opt/local/lib/ruby/gems/1.8/gems/mongrel-0.3.13.4/lib/mongrel.rb:686:in `initialize'
    /opt/local/lib/ruby/gems/1.8/gems/mongrel-0.3.13.4/lib/mongrel.rb:686:in `new'
    /opt/local/lib/ruby/gems/1.8/gems/mongrel-0.3.13.4/lib/mongrel.rb:686:in `run'
    /opt/local/lib/ruby/gems/1.8/gems/mongrel-0.3.13.4/lib/mongrel.rb:673:in `initialize'
    /opt/local/lib/ruby/gems/1.8/gems/mongrel-0.3.13.4/lib/mongrel.rb:673:in `new'
    /opt/local/lib/ruby/gems/1.8/gems/mongrel-0.3.13.4/lib/mongrel.rb:673:in `run'
    /opt/local/lib/ruby/gems/1.8/gems/mongrel-0.3.13.4/lib/mongrel/configurator.rb:267:in `run'
    /opt/local/lib/ruby/gems/1.8/gems/mongrel-0.3.13.4/lib/mongrel/configurator.rb:266:in `each'
    /opt/local/lib/ruby/gems/1.8/gems/mongrel-0.3.13.4/lib/mongrel/configurator.rb:266:in `run'
    /opt/local/lib/ruby/gems/1.8/gems/mongrel-0.3.13.4/bin/mongrel_rails:127:in `run'
    /opt/local/lib/ruby/gems/1.8/gems/mongrel-0.3.13.4/lib/mongrel/command.rb:211:in `run'
    /opt/local/lib/ruby/gems/1.8/gems/mongrel-0.3.13.4/bin/mongrel_rails:231
    /opt/local/bin/mongrel_rails:18:in `load'
    /opt/local/bin/mongrel_rails:18


Rendering /opt/local/lib/ruby/gems/1.8/gems/actionpack-1.13.3/lib/action_controller/templates/rescues/layout.rhtml (404 Page Not Found)


Processing UserController#index (for 127.0.0.1 at 2007-05-22 10:22:53) [GET]
  Session ID: 993d80c27c865a3f0889ff0be5d4e417
  Parameters: {"action"=>"index", "controller"=>"user"}
  [4;36;1mSQL (0.000228)[0m   [0;1mSET SQL_AUTO_IS_NULL=0[0m
  [4;35;1mUser Columns (0.003259)[0m   [0mSHOW FIELDS FROM users[0m
  [4;36;1mSQL (0.000526)[0m   [0;1mSELECT count(*) AS count_all FROM users [0m
  [4;35;1mUser Load (0.000613)[0m   [0mSELECT * FROM users LIMIT 0, 10[0m
Rendering /opt/local/lib/ruby/gems/1.8/gems/actionpack-1.13.3/lib/action_controller/templates/scaffolds/layout.rhtml
Completed in 0.04620 (21 reqs/sec) | Rendering: 0.00373 (8%) | DB: 0.00463 (10%) | 200 OK [http://localhost/user]


Processing UserController#new (for 127.0.0.1 at 2007-05-22 10:22:55) [GET]
  Session ID: 993d80c27c865a3f0889ff0be5d4e417
  Parameters: {"action"=>"new", "controller"=>"user"}
  [4;36;1mUser Columns (0.003289)[0m   [0;1mSHOW FIELDS FROM users[0m
Rendering /opt/local/lib/ruby/gems/1.8/gems/actionpack-1.13.3/lib/action_controller/templates/scaffolds/layout.rhtml
Completed in 0.01212 (82 reqs/sec) | Rendering: 0.00051 (4%) | DB: 0.00329 (27%) | 200 OK [http://localhost/user/new]


Processing UserController#list (for 127.0.0.1 at 2007-05-22 10:23:09) [GET]
  Session ID: 993d80c27c865a3f0889ff0be5d4e417
  Parameters: {"action"=>"list", "controller"=>"user"}
  [4;35;1mUser Columns (0.003434)[0m   [0mSHOW FIELDS FROM users[0m
  [4;36;1mSQL (0.000495)[0m   [0;1mSELECT count(*) AS count_all FROM users [0m
  [4;35;1mUser Load (0.000616)[0m   [0mSELECT * FROM users LIMIT 0, 10[0m
Rendering /opt/local/lib/ruby/gems/1.8/gems/actionpack-1.13.3/lib/action_controller/templates/scaffolds/layout.rhtml
Completed in 0.01105 (90 reqs/sec) | Rendering: 0.00041 (3%) | DB: 0.00454 (41%) | 200 OK [http://localhost/user/list]


Processing UserController#list (for 127.0.0.1 at 2007-05-22 10:23:11) [GET]
  Session ID: 993d80c27c865a3f0889ff0be5d4e417
  Parameters: {"action"=>"list", "controller"=>"user"}
  [4;36;1mUser Columns (0.003397)[0m   [0;1mSHOW FIELDS FROM users[0m
  [4;35;1mSQL (0.000470)[0m   [0mSELECT count(*) AS count_all FROM users [0m
  [4;36;1mUser Load (0.000776)[0m   [0;1mSELECT * FROM users LIMIT 0, 10[0m
Rendering /opt/local/lib/ruby/gems/1.8/gems/actionpack-1.13.3/lib/action_controller/templates/scaffolds/layout.rhtml
Completed in 0.01111 (90 reqs/sec) | Rendering: 0.00042 (3%) | DB: 0.00464 (41%) | 200 OK [http://localhost/user/list]


Processing UserController#list (for 127.0.0.1 at 2007-05-22 17:02:05) [GET]
  Session ID: 993d80c27c865a3f0889ff0be5d4e417
  Parameters: {"action"=>"list", "controller"=>"user"}
  [4;36;1mSQL (0.000228)[0m   [0;1mSET SQL_AUTO_IS_NULL=0[0m
  [4;35;1mUser Columns (0.006249)[0m   [0mSHOW FIELDS FROM users[0m
  [4;36;1mSQL (0.017920)[0m   [0;1mSELECT count(*) AS count_all FROM users [0m
  [4;35;1mUser Load (0.000634)[0m   [0mSELECT * FROM users LIMIT 0, 10[0m
Rendering /opt/local/lib/ruby/gems/1.8/gems/actionpack-1.13.3/lib/action_controller/templates/scaffolds/layout.rhtml
Completed in 0.11502 (8 reqs/sec) | Rendering: 0.01954 (16%) | DB: 0.02503 (21%) | 200 OK [http://localhost/user/list]


Processing UserController#list (for 127.0.0.1 at 2007-05-22 17:02:07) [GET]
  Session ID: 993d80c27c865a3f0889ff0be5d4e417
  Parameters: {"action"=>"list", "controller"=>"user"}
  [4;36;1mUser Columns (0.003194)[0m   [0;1mSHOW FIELDS FROM users[0m
  [4;35;1mSQL (0.000495)[0m   [0mSELECT count(*) AS count_all FROM users [0m
  [4;36;1mUser Load (0.000604)[0m   [0;1mSELECT * FROM users LIMIT 0, 10[0m
Rendering /opt/local/lib/ruby/gems/1.8/gems/actionpack-1.13.3/lib/action_controller/templates/scaffolds/layout.rhtml
Completed in 0.01087 (91 reqs/sec) | Rendering: 0.00042 (3%) | DB: 0.00429 (39%) | 200 OK [http://localhost/user/list]


Processing UserController#list (for 127.0.0.1 at 2007-05-22 17:02:07) [GET]
  Session ID: 993d80c27c865a3f0889ff0be5d4e417
  Parameters: {"action"=>"list", "controller"=>"user"}
  [4;35;1mUser Columns (0.003329)[0m   [0mSHOW FIELDS FROM users[0m
  [4;36;1mSQL (0.000491)[0m   [0;1mSELECT count(*) AS count_all FROM users [0m
  [4;35;1mUser Load (0.000624)[0m   [0mSELECT * FROM users LIMIT 0, 10[0m
Rendering /opt/local/lib/ruby/gems/1.8/gems/actionpack-1.13.3/lib/action_controller/templates/scaffolds/layout.rhtml
Completed in 0.01159 (86 reqs/sec) | Rendering: 0.00048 (4%) | DB: 0.00444 (38%) | 200 OK [http://localhost/user/list]


Processing UserController#list (for 127.0.0.1 at 2007-05-22 17:03:59) [GET]
  Session ID: 993d80c27c865a3f0889ff0be5d4e417
  Parameters: {"action"=>"list", "controller"=>"user"}
  [4;36;1mUser Columns (0.002784)[0m   [0;1mSHOW FIELDS FROM users[0m
  [4;35;1mSQL (0.000379)[0m   [0mSELECT count(*) AS count_all FROM users [0m
  [4;36;1mUser Load (0.000470)[0m   [0;1mSELECT * FROM users LIMIT 0, 10[0m
Rendering /opt/local/lib/ruby/gems/1.8/gems/actionpack-1.13.3/lib/action_controller/templates/scaffolds/layout.rhtml
Completed in 0.00940 (106 reqs/sec) | Rendering: 0.00033 (3%) | DB: 0.00363 (38%) | 200 OK [http://localhost/user/list]


Processing UserController#list (for 127.0.0.1 at 2007-05-22 17:04:00) [GET]
  Session ID: 993d80c27c865a3f0889ff0be5d4e417
  Parameters: {"action"=>"list", "controller"=>"user"}
  [4;35;1mUser Columns (0.003327)[0m   [0mSHOW FIELDS FROM users[0m
  [4;36;1mSQL (0.000484)[0m   [0;1mSELECT count(*) AS count_all FROM users [0m
  [4;35;1mUser Load (0.000599)[0m   [0mSELECT * FROM users LIMIT 0, 10[0m
Rendering /opt/local/lib/ruby/gems/1.8/gems/actionpack-1.13.3/lib/action_controller/templates/scaffolds/layout.rhtml
Completed in 0.01077 (92 reqs/sec) | Rendering: 0.00042 (3%) | DB: 0.00441 (40%) | 200 OK [http://localhost/user/list]


Processing UserController#list (for 127.0.0.1 at 2007-05-22 17:05:31) [GET]
  Session ID: 993d80c27c865a3f0889ff0be5d4e417
  Parameters: {"action"=>"list", "controller"=>"user"}
  [4;36;1mUser Columns (0.002755)[0m   [0;1mSHOW FIELDS FROM users[0m
  [4;35;1mSQL (0.000535)[0m   [0mSELECT count(*) AS count_all FROM users [0m
  [4;36;1mUser Load (0.000618)[0m   [0;1mSELECT * FROM users LIMIT 0, 10[0m
Rendering /opt/local/lib/ruby/gems/1.8/gems/actionpack-1.13.3/lib/action_controller/templates/scaffolds/layout.rhtml
Completed in 0.01060 (94 reqs/sec) | Rendering: 0.00041 (3%) | DB: 0.00391 (36%) | 200 OK [http://localhost/user/list]


Processing UserController#list (for 127.0.0.1 at 2007-05-22 17:05:33) [GET]
  Session ID: 993d80c27c865a3f0889ff0be5d4e417
  Parameters: {"action"=>"list", "controller"=>"user"}
  [4;35;1mUser Columns (0.002334)[0m   [0mSHOW FIELDS FROM users[0m
  [4;36;1mSQL (0.000375)[0m   [0;1mSELECT count(*) AS count_all FROM users [0m
  [4;35;1mUser Load (0.000458)[0m   [0mSELECT * FROM users LIMIT 0, 10[0m
Rendering /opt/local/lib/ruby/gems/1.8/gems/actionpack-1.13.3/lib/action_controller/templates/scaffolds/layout.rhtml
Completed in 0.00879 (113 reqs/sec) | Rendering: 0.00031 (3%) | DB: 0.00317 (36%) | 200 OK [http://localhost/user/list]


Processing UserController#list (for 127.0.0.1 at 2007-05-22 17:07:31) [GET]
  Session ID: 993d80c27c865a3f0889ff0be5d4e417
  Parameters: {"action"=>"list", "controller"=>"user"}
  [4;36;1mUser Columns (0.003377)[0m   [0;1mSHOW FIELDS FROM users[0m
  [4;35;1mSQL (0.000984)[0m   [0mSELECT count(*) AS count_all FROM users [0m
  [4;36;1mUser Load (0.000618)[0m   [0;1mSELECT * FROM users LIMIT 0, 10[0m
Rendering /opt/local/lib/ruby/gems/1.8/gems/actionpack-1.13.3/lib/action_controller/templates/scaffolds/layout.rhtml
Completed in 0.01171 (85 reqs/sec) | Rendering: 0.00057 (4%) | DB: 0.00498 (42%) | 200 OK [http://localhost/user/list]


Processing UserController#list (for 127.0.0.1 at 2007-05-23 15:12:57) [GET]
  Session ID: 993d80c27c865a3f0889ff0be5d4e417
  Parameters: {"action"=>"list", "controller"=>"user"}
  [4;35;1mUser Columns (0.002198)[0m   [0mSHOW FIELDS FROM users[0m
  [4;36;1mSQL (0.000382)[0m   [0;1mSELECT count(*) AS count_all FROM users [0m
  [4;35;1mUser Load (0.000519)[0m   [0mSELECT * FROM users LIMIT 0, 10[0m
Rendering /opt/local/lib/ruby/gems/1.8/gems/actionpack-1.13.3/lib/action_controller/templates/scaffolds/layout.rhtml
Completed in 0.01059 (94 reqs/sec) | Rendering: 0.00035 (3%) | DB: 0.00310 (29%) | 200 OK [http://localhost/user/list]


Processing UserController#edit (for 127.0.0.1 at 2007-05-23 15:13:05) [GET]
  Session ID: 993d80c27c865a3f0889ff0be5d4e417
  Parameters: {"action"=>"edit", "id"=>"1", "controller"=>"user"}
  [4;36;1mUser Columns (0.002899)[0m   [0;1mSHOW FIELDS FROM users[0m
  [4;35;1mUser Load (0.000616)[0m   [0mSELECT * FROM users WHERE (users.`id` = 1) [0m
Rendering /opt/local/lib/ruby/gems/1.8/gems/actionpack-1.13.3/lib/action_controller/templates/scaffolds/layout.rhtml
Completed in 0.09579 (10 reqs/sec) | Rendering: 0.00043 (0%) | DB: 0.00352 (3%) | 200 OK [http://localhost/user/edit/1]


Processing UserController#list (for 127.0.0.1 at 2007-05-23 15:13:08) [GET]
  Session ID: 993d80c27c865a3f0889ff0be5d4e417
  Parameters: {"action"=>"list", "controller"=>"user"}
  [4;36;1mUser Columns (0.003214)[0m   [0;1mSHOW FIELDS FROM users[0m
  [4;35;1mSQL (0.000492)[0m   [0mSELECT count(*) AS count_all FROM users [0m
  [4;36;1mUser Load (0.000673)[0m   [0;1mSELECT * FROM users LIMIT 0, 10[0m
Rendering /opt/local/lib/ruby/gems/1.8/gems/actionpack-1.13.3/lib/action_controller/templates/scaffolds/layout.rhtml
Completed in 0.01267 (78 reqs/sec) | Rendering: 0.00043 (3%) | DB: 0.00438 (34%) | 200 OK [http://localhost/user/list]


Processing UserController#list (for 127.0.0.1 at 2007-05-23 15:13:24) [GET]
  Session ID: 993d80c27c865a3f0889ff0be5d4e417
  Parameters: {"action"=>"list", "controller"=>"user"}
  [4;35;1mUser Columns (0.003426)[0m   [0mSHOW FIELDS FROM users[0m
  [4;36;1mSQL (0.000499)[0m   [0;1mSELECT count(*) AS count_all FROM users [0m
  [4;35;1mUser Load (0.000673)[0m   [0mSELECT * FROM users LIMIT 0, 10[0m
Rendering /opt/local/lib/ruby/gems/1.8/gems/actionpack-1.13.3/lib/action_controller/templates/scaffolds/layout.rhtml
Completed in 0.01295 (77 reqs/sec) | Rendering: 0.00044 (3%) | DB: 0.00460 (35%) | 200 OK [http://localhost/user/list]


Processing UserController#list (for 127.0.0.1 at 2007-05-23 15:13:25) [GET]
  Session ID: 993d80c27c865a3f0889ff0be5d4e417
  Parameters: {"action"=>"list", "controller"=>"user"}
  [4;36;1mUser Columns (0.003269)[0m   [0;1mSHOW FIELDS FROM users[0m
  [4;35;1mSQL (0.000491)[0m   [0mSELECT count(*) AS count_all FROM users [0m
  [4;36;1mUser Load (0.000703)[0m   [0;1mSELECT * FROM users LIMIT 0, 10[0m
Rendering /opt/local/lib/ruby/gems/1.8/gems/actionpack-1.13.3/lib/action_controller/templates/scaffolds/layout.rhtml
Completed in 0.01270 (78 reqs/sec) | Rendering: 0.00042 (3%) | DB: 0.00446 (35%) | 200 OK [http://localhost/user/list]


Processing UserController#destroy (for 127.0.0.1 at 2007-05-23 15:13:31) [POST]
  Session ID: 993d80c27c865a3f0889ff0be5d4e417
  Parameters: {"action"=>"destroy", "id"=>"1", "controller"=>"user"}
  [4;35;1mUser Columns (0.003363)[0m   [0mSHOW FIELDS FROM users[0m
  [4;36;1mUser Load (0.000738)[0m   [0;1mSELECT * FROM users WHERE (users.`id` = 1) [0m
  [4;35;1mSQL (0.000210)[0m   [0mBEGIN[0m
  [4;36;1mUser Destroy (0.000324)[0m   [0;1m DELETE FROM users
 WHERE `id` = 1
[0m
  [4;35;1mSQL (0.000819)[0m   [0mCOMMIT[0m
Redirected to http://localhost:3001/user/list
Completed in 0.01169 (85 reqs/sec) | DB: 0.00545 (46%) | 302 Found [http://localhost/user/destroy/1]


Processing UserController#list (for 127.0.0.1 at 2007-05-23 15:13:31) [GET]
  Session ID: 993d80c27c865a3f0889ff0be5d4e417
  Parameters: {"action"=>"list", "controller"=>"user"}
  [4;36;1mUser Columns (0.003940)[0m   [0;1mSHOW FIELDS FROM users[0m
  [4;35;1mSQL (0.000991)[0m   [0mSELECT count(*) AS count_all FROM users [0m
  [4;36;1mUser Load (0.000648)[0m   [0;1mSELECT * FROM users LIMIT 0, 10[0m
Rendering /opt/local/lib/ruby/gems/1.8/gems/actionpack-1.13.3/lib/action_controller/templates/scaffolds/layout.rhtml
Completed in 0.01403 (71 reqs/sec) | Rendering: 0.00047 (3%) | DB: 0.00558 (39%) | 200 OK [http://localhost/user/list]


Processing UserController#destroy (for 127.0.0.1 at 2007-05-23 15:13:33) [POST]
  Session ID: 993d80c27c865a3f0889ff0be5d4e417
  Parameters: {"action"=>"destroy", "id"=>"2", "controller"=>"user"}
  [4;35;1mUser Columns (0.001805)[0m   [0mSHOW FIELDS FROM users[0m
  [4;36;1mUser Load (0.001168)[0m   [0;1mSELECT * FROM users WHERE (users.`id` = 2) [0m
  [4;35;1mSQL (0.000161)[0m   [0mBEGIN[0m
  [4;36;1mUser Destroy (0.000295)[0m   [0;1m DELETE FROM users
 WHERE `id` = 2
[0m
  [4;35;1mSQL (0.001767)[0m   [0mCOMMIT[0m
Redirected to http://localhost:3001/user/list
Completed in 0.01130 (88 reqs/sec) | DB: 0.00520 (45%) | 302 Found [http://localhost/user/destroy/2]


Processing UserController#list (for 127.0.0.1 at 2007-05-23 15:13:33) [GET]
  Session ID: 993d80c27c865a3f0889ff0be5d4e417
  Parameters: {"action"=>"list", "controller"=>"user"}
  [4;36;1mUser Columns (0.003386)[0m   [0;1mSHOW FIELDS FROM users[0m
  [4;35;1mSQL (0.000508)[0m   [0mSELECT count(*) AS count_all FROM users [0m
  [4;36;1mUser Load (0.000604)[0m   [0;1mSELECT * FROM users LIMIT 0, 10[0m
Rendering /opt/local/lib/ruby/gems/1.8/gems/actionpack-1.13.3/lib/action_controller/templates/scaffolds/layout.rhtml
Completed in 0.01103 (90 reqs/sec) | Rendering: 0.00043 (3%) | DB: 0.00450 (40%) | 200 OK [http://localhost/user/list]


Processing UserController#list (for 127.0.0.1 at 2007-05-23 15:44:11) [GET]
  Session ID: 993d80c27c865a3f0889ff0be5d4e417
  Parameters: {"action"=>"list", "controller"=>"user"}
  [4;35;1mUser Columns (0.003459)[0m   [0mSHOW FIELDS FROM users[0m
  [4;36;1mSQL (0.000547)[0m   [0;1mSELECT count(*) AS count_all FROM users [0m
  [4;35;1mUser Load (0.000889)[0m   [0mSELECT * FROM users LIMIT 0, 10[0m
Rendering /opt/local/lib/ruby/gems/1.8/gems/actionpack-1.13.3/lib/action_controller/templates/scaffolds/layout.rhtml
Completed in 0.01675 (59 reqs/sec) | Rendering: 0.00044 (2%) | DB: 0.00489 (29%) | 200 OK [http://localhost/user/list]


Processing UserController#destroy (for 127.0.0.1 at 2007-05-23 15:44:17) [POST]
  Session ID: 993d80c27c865a3f0889ff0be5d4e417
  Parameters: {"action"=>"destroy", "id"=>"3", "controller"=>"user"}
  [4;36;1mUser Columns (0.003216)[0m   [0;1mSHOW FIELDS FROM users[0m
  [4;35;1mUser Load (0.000781)[0m   [0mSELECT * FROM users WHERE (users.`id` = 3) [0m
  [4;36;1mSQL (0.000237)[0m   [0;1mBEGIN[0m
  [4;35;1mUser Destroy (0.000362)[0m   [0m DELETE FROM users
 WHERE `id` = 3
[0m
  [4;36;1mSQL (0.000834)[0m   [0;1mCOMMIT[0m
Redirected to http://localhost:3001/user/list
Completed in 0.01278 (78 reqs/sec) | DB: 0.00543 (42%) | 302 Found [http://localhost/user/destroy/3]


Processing UserController#list (for 127.0.0.1 at 2007-05-23 15:44:17) [GET]
  Session ID: 993d80c27c865a3f0889ff0be5d4e417
  Parameters: {"action"=>"list", "controller"=>"user"}
  [4;35;1mUser Columns (0.003399)[0m   [0mSHOW FIELDS FROM users[0m
  [4;36;1mSQL (0.000824)[0m   [0;1mSELECT count(*) AS count_all FROM users [0m
  [4;35;1mUser Load (0.000834)[0m   [0mSELECT * FROM users LIMIT 0, 10[0m
Rendering /opt/local/lib/ruby/gems/1.8/gems/actionpack-1.13.3/lib/action_controller/templates/scaffolds/layout.rhtml
Completed in 0.01651 (60 reqs/sec) | Rendering: 0.00045 (2%) | DB: 0.00506 (30%) | 200 OK [http://localhost/user/list]


Processing UserController#destroy (for 127.0.0.1 at 2007-05-23 15:44:19) [POST]
  Session ID: 993d80c27c865a3f0889ff0be5d4e417
  Parameters: {"action"=>"destroy", "id"=>"4", "controller"=>"user"}
  [4;36;1mUser Columns (0.003535)[0m   [0;1mSHOW FIELDS FROM users[0m
  [4;35;1mUser Load (0.000726)[0m   [0mSELECT * FROM users WHERE (users.`id` = 4) [0m
  [4;36;1mSQL (0.000209)[0m   [0;1mBEGIN[0m
  [4;35;1mUser Destroy (0.000362)[0m   [0m DELETE FROM users
 WHERE `id` = 4
[0m
  [4;36;1mSQL (0.000760)[0m   [0;1mCOMMIT[0m
Redirected to http://localhost:3001/user/list
Completed in 0.01254 (79 reqs/sec) | DB: 0.00559 (44%) | 302 Found [http://localhost/user/destroy/4]


Processing UserController#list (for 127.0.0.1 at 2007-05-23 15:44:19) [GET]
  Session ID: 993d80c27c865a3f0889ff0be5d4e417
  Parameters: {"action"=>"list", "controller"=>"user"}
  [4;35;1mUser Columns (0.003314)[0m   [0mSHOW FIELDS FROM users[0m
  [4;36;1mSQL (0.000493)[0m   [0;1mSELECT count(*) AS count_all FROM users [0m
  [4;35;1mUser Load (0.001005)[0m   [0mSELECT * FROM users LIMIT 0, 10[0m
Rendering /opt/local/lib/ruby/gems/1.8/gems/actionpack-1.13.3/lib/action_controller/templates/scaffolds/layout.rhtml
Completed in 0.01571 (63 reqs/sec) | Rendering: 0.00048 (3%) | DB: 0.00481 (30%) | 200 OK [http://localhost/user/list]


Processing UserController#destroy (for 127.0.0.1 at 2007-05-23 15:44:20) [POST]
  Session ID: 993d80c27c865a3f0889ff0be5d4e417
  Parameters: {"action"=>"destroy", "id"=>"5", "controller"=>"user"}
  [4;36;1mUser Columns (0.003357)[0m   [0;1mSHOW FIELDS FROM users[0m
  [4;35;1mUser Load (0.000770)[0m   [0mSELECT * FROM users WHERE (users.`id` = 5) [0m
  [4;36;1mSQL (0.000213)[0m   [0;1mBEGIN[0m
  [4;35;1mUser Destroy (0.000329)[0m   [0m DELETE FROM users
 WHERE `id` = 5
[0m
  [4;36;1mSQL (0.000914)[0m   [0;1mCOMMIT[0m
Redirected to http://localhost:3001/user/list
Completed in 0.01242 (80 reqs/sec) | DB: 0.00558 (44%) | 302 Found [http://localhost/user/destroy/5]


Processing UserController#list (for 127.0.0.1 at 2007-05-23 15:44:20) [GET]
  Session ID: 993d80c27c865a3f0889ff0be5d4e417
  Parameters: {"action"=>"list", "controller"=>"user"}
  [4;35;1mUser Columns (0.003469)[0m   [0mSHOW FIELDS FROM users[0m
  [4;36;1mSQL (0.000496)[0m   [0;1mSELECT count(*) AS count_all FROM users [0m
  [4;35;1mUser Load (0.000782)[0m   [0mSELECT * FROM users LIMIT 0, 10[0m
Rendering /opt/local/lib/ruby/gems/1.8/gems/actionpack-1.13.3/lib/action_controller/templates/scaffolds/layout.rhtml
Completed in 0.01542 (64 reqs/sec) | Rendering: 0.00044 (2%) | DB: 0.00475 (30%) | 200 OK [http://localhost/user/list]


Processing UserController#destroy (for 127.0.0.1 at 2007-05-23 15:44:21) [POST]
  Session ID: 993d80c27c865a3f0889ff0be5d4e417
  Parameters: {"action"=>"destroy", "id"=>"6", "controller"=>"user"}
  [4;36;1mUser Columns (0.003349)[0m   [0;1mSHOW FIELDS FROM users[0m
  [4;35;1mUser Load (0.000754)[0m   [0mSELECT * FROM users WHERE (users.`id` = 6) [0m
  [4;36;1mSQL (0.000210)[0m   [0;1mBEGIN[0m
  [4;35;1mUser Destroy (0.000313)[0m   [0m DELETE FROM users
 WHERE `id` = 6
[0m
  [4;36;1mSQL (0.000861)[0m   [0;1mCOMMIT[0m
Redirected to http://localhost:3001/user/list
Completed in 0.01241 (80 reqs/sec) | DB: 0.00549 (44%) | 302 Found [http://localhost/user/destroy/6]


Processing UserController#list (for 127.0.0.1 at 2007-05-23 15:44:21) [GET]
  Session ID: 993d80c27c865a3f0889ff0be5d4e417
  Parameters: {"action"=>"list", "controller"=>"user"}
  [4;35;1mUser Columns (0.003455)[0m   [0mSHOW FIELDS FROM users[0m
  [4;36;1mSQL (0.000531)[0m   [0;1mSELECT count(*) AS count_all FROM users [0m
  [4;35;1mUser Load (0.000758)[0m   [0mSELECT * FROM users LIMIT 0, 10[0m
Rendering /opt/local/lib/ruby/gems/1.8/gems/actionpack-1.13.3/lib/action_controller/templates/scaffolds/layout.rhtml
Completed in 0.01418 (70 reqs/sec) | Rendering: 0.00046 (3%) | DB: 0.00474 (33%) | 200 OK [http://localhost/user/list]


Processing UserController#destroy (for 127.0.0.1 at 2007-05-23 15:44:22) [POST]
  Session ID: 993d80c27c865a3f0889ff0be5d4e417
  Parameters: {"action"=>"destroy", "id"=>"7", "controller"=>"user"}
  [4;36;1mUser Columns (0.003303)[0m   [0;1mSHOW FIELDS FROM users[0m
  [4;35;1mUser Load (0.000881)[0m   [0mSELECT * FROM users WHERE (users.`id` = 7) [0m
  [4;36;1mSQL (0.000234)[0m   [0;1mBEGIN[0m
  [4;35;1mUser Destroy (0.000340)[0m   [0m DELETE FROM users
 WHERE `id` = 7
[0m
  [4;36;1mSQL (0.019353)[0m   [0;1mCOMMIT[0m
Redirected to http://localhost:3001/user/list
Completed in 0.03070 (32 reqs/sec) | DB: 0.02411 (78%) | 302 Found [http://localhost/user/destroy/7]


Processing UserController#list (for 127.0.0.1 at 2007-05-23 15:44:22) [GET]
  Session ID: 993d80c27c865a3f0889ff0be5d4e417
  Parameters: {"action"=>"list", "controller"=>"user"}
  [4;35;1mUser Columns (0.003344)[0m   [0mSHOW FIELDS FROM users[0m
  [4;36;1mSQL (0.000493)[0m   [0;1mSELECT count(*) AS count_all FROM users [0m
  [4;35;1mUser Load (0.000708)[0m   [0mSELECT * FROM users LIMIT 0, 10[0m
Rendering /opt/local/lib/ruby/gems/1.8/gems/actionpack-1.13.3/lib/action_controller/templates/scaffolds/layout.rhtml
Completed in 0.01340 (74 reqs/sec) | Rendering: 0.00044 (3%) | DB: 0.00454 (33%) | 200 OK [http://localhost/user/list]


Processing UserController#destroy (for 127.0.0.1 at 2007-05-23 15:44:23) [POST]
  Session ID: 993d80c27c865a3f0889ff0be5d4e417
  Parameters: {"action"=>"destroy", "id"=>"8", "controller"=>"user"}
  [4;36;1mUser Columns (0.003149)[0m   [0;1mSHOW FIELDS FROM users[0m
  [4;35;1mUser Load (0.000591)[0m   [0mSELECT * FROM users WHERE (users.`id` = 8) [0m
  [4;36;1mSQL (0.000174)[0m   [0;1mBEGIN[0m
  [4;35;1mUser Destroy (0.000292)[0m   [0m DELETE FROM users
 WHERE `id` = 8
[0m
  [4;36;1mSQL (0.000842)[0m   [0;1mCOMMIT[0m
Redirected to http://localhost:3001/user/list
Completed in 0.01134 (88 reqs/sec) | DB: 0.00505 (44%) | 302 Found [http://localhost/user/destroy/8]


Processing UserController#list (for 127.0.0.1 at 2007-05-23 15:44:24) [GET]
  Session ID: 993d80c27c865a3f0889ff0be5d4e417
  Parameters: {"action"=>"list", "controller"=>"user"}
  [4;35;1mUser Columns (0.007105)[0m   [0mSHOW FIELDS FROM users[0m
  [4;36;1mSQL (0.001562)[0m   [0;1mSELECT count(*) AS count_all FROM users [0m
  [4;35;1mUser Load (0.000710)[0m   [0mSELECT * FROM users LIMIT 0, 10[0m
Rendering /opt/local/lib/ruby/gems/1.8/gems/actionpack-1.13.3/lib/action_controller/templates/scaffolds/layout.rhtml
Completed in 0.01828 (54 reqs/sec) | Rendering: 0.00060 (3%) | DB: 0.00938 (51%) | 200 OK [http://localhost/user/list]


Processing UserController#destroy (for 127.0.0.1 at 2007-05-23 15:44:25) [POST]
  Session ID: 993d80c27c865a3f0889ff0be5d4e417
  Parameters: {"action"=>"destroy", "id"=>"9", "controller"=>"user"}
  [4;36;1mUser Columns (0.003283)[0m   [0;1mSHOW FIELDS FROM users[0m
  [4;35;1mUser Load (0.000871)[0m   [0mSELECT * FROM users WHERE (users.`id` = 9) [0m
  [4;36;1mSQL (0.000225)[0m   [0;1mBEGIN[0m
  [4;35;1mUser Destroy (0.000345)[0m   [0m DELETE FROM users
 WHERE `id` = 9
[0m
  [4;36;1mSQL (0.000834)[0m   [0;1mCOMMIT[0m
Redirected to http://localhost:3001/user/list
Completed in 0.01258 (79 reqs/sec) | DB: 0.00556 (44%) | 302 Found [http://localhost/user/destroy/9]


Processing UserController#list (for 127.0.0.1 at 2007-05-23 15:44:25) [GET]
  Session ID: 993d80c27c865a3f0889ff0be5d4e417
  Parameters: {"action"=>"list", "controller"=>"user"}
  [4;35;1mUser Columns (0.003250)[0m   [0mSHOW FIELDS FROM users[0m
  [4;36;1mSQL (0.000511)[0m   [0;1mSELECT count(*) AS count_all FROM users [0m
  [4;35;1mUser Load (0.000947)[0m   [0mSELECT * FROM users LIMIT 0, 10[0m
Rendering /opt/local/lib/ruby/gems/1.8/gems/actionpack-1.13.3/lib/action_controller/templates/scaffolds/layout.rhtml
Completed in 0.01245 (80 reqs/sec) | Rendering: 0.00043 (3%) | DB: 0.00471 (37%) | 200 OK [http://localhost/user/list]


Processing UserController#destroy (for 127.0.0.1 at 2007-05-23 15:44:27) [POST]
  Session ID: 993d80c27c865a3f0889ff0be5d4e417
  Parameters: {"action"=>"destroy", "id"=>"10", "controller"=>"user"}
  [4;36;1mUser Columns (0.003458)[0m   [0;1mSHOW FIELDS FROM users[0m
  [4;35;1mUser Load (0.000976)[0m   [0mSELECT * FROM users WHERE (users.`id` = 10) [0m
  [4;36;1mSQL (0.000214)[0m   [0;1mBEGIN[0m
  [4;35;1mUser Destroy (0.000324)[0m   [0m DELETE FROM users
 WHERE `id` = 10
[0m
  [4;36;1mSQL (0.000866)[0m   [0;1mCOMMIT[0m
Redirected to http://localhost:3001/user/list
Completed in 0.01256 (79 reqs/sec) | DB: 0.00584 (46%) | 302 Found [http://localhost/user/destroy/10]


Processing UserController#list (for 127.0.0.1 at 2007-05-23 15:44:27) [GET]
  Session ID: 993d80c27c865a3f0889ff0be5d4e417
  Parameters: {"action"=>"list", "controller"=>"user"}
  [4;35;1mUser Columns (0.003301)[0m   [0mSHOW FIELDS FROM users[0m
  [4;36;1mSQL (0.000506)[0m   [0;1mSELECT count(*) AS count_all FROM users [0m
  [4;35;1mUser Load (0.000606)[0m   [0mSELECT * FROM users LIMIT 0, 10[0m
Rendering /opt/local/lib/ruby/gems/1.8/gems/actionpack-1.13.3/lib/action_controller/templates/scaffolds/layout.rhtml
Completed in 0.01082 (92 reqs/sec) | Rendering: 0.00041 (3%) | DB: 0.00441 (40%) | 200 OK [http://localhost/user/list]


Processing UserController#list (for 127.0.0.1 at 2007-05-23 16:41:45) [GET]
  Session ID: 993d80c27c865a3f0889ff0be5d4e417
  Parameters: {"action"=>"list", "controller"=>"user"}
  [4;36;1mUser Columns (0.003344)[0m   [0;1mSHOW FIELDS FROM users[0m
  [4;35;1mSQL (0.000499)[0m   [0mSELECT count(*) AS count_all FROM users [0m
  [4;36;1mUser Load (0.000854)[0m   [0;1mSELECT * FROM users LIMIT 0, 10[0m
Rendering /opt/local/lib/ruby/gems/1.8/gems/actionpack-1.13.3/lib/action_controller/templates/scaffolds/layout.rhtml
Completed in 0.01526 (65 reqs/sec) | Rendering: 0.00043 (2%) | DB: 0.00470 (30%) | 200 OK [http://localhost/user/list]


Processing UserController#destroy (for 127.0.0.1 at 2007-05-23 16:41:49) [POST]
  Session ID: 993d80c27c865a3f0889ff0be5d4e417
  Parameters: {"action"=>"destroy", "id"=>"11", "controller"=>"user"}
  [4;35;1mUser Columns (0.003221)[0m   [0mSHOW FIELDS FROM users[0m
  [4;36;1mUser Load (0.000752)[0m   [0;1mSELECT * FROM users WHERE (users.`id` = 11) [0m
  [4;35;1mSQL (0.000251)[0m   [0mBEGIN[0m
  [4;36;1mUser Destroy (0.000318)[0m   [0;1m DELETE FROM users
 WHERE `id` = 11
[0m
  [4;35;1mSQL (0.000966)[0m   [0mCOMMIT[0m
Redirected to http://localhost:3001/user/list
Completed in 0.01234 (81 reqs/sec) | DB: 0.00551 (44%) | 302 Found [http://localhost/user/destroy/11]


Processing UserController#list (for 127.0.0.1 at 2007-05-23 16:41:49) [GET]
  Session ID: 993d80c27c865a3f0889ff0be5d4e417
  Parameters: {"action"=>"list", "controller"=>"user"}
  [4;36;1mUser Columns (0.003553)[0m   [0;1mSHOW FIELDS FROM users[0m
  [4;35;1mSQL (0.000517)[0m   [0mSELECT count(*) AS count_all FROM users [0m
  [4;36;1mUser Load (0.000775)[0m   [0;1mSELECT * FROM users LIMIT 0, 10[0m
Rendering /opt/local/lib/ruby/gems/1.8/gems/actionpack-1.13.3/lib/action_controller/templates/scaffolds/layout.rhtml
Completed in 0.01513 (66 reqs/sec) | Rendering: 0.00049 (3%) | DB: 0.00484 (32%) | 200 OK [http://localhost/user/list]


Processing UserController#destroy (for 127.0.0.1 at 2007-05-23 16:41:50) [POST]
  Session ID: 993d80c27c865a3f0889ff0be5d4e417
  Parameters: {"action"=>"destroy", "id"=>"12", "controller"=>"user"}
  [4;35;1mUser Columns (0.003135)[0m   [0mSHOW FIELDS FROM users[0m
  [4;36;1mUser Load (0.001475)[0m   [0;1mSELECT * FROM users WHERE (users.`id` = 12) [0m
  [4;35;1mSQL (0.000239)[0m   [0mBEGIN[0m
  [4;36;1mUser Destroy (0.000340)[0m   [0;1m DELETE FROM users
 WHERE `id` = 12
[0m
  [4;35;1mSQL (0.000808)[0m   [0mCOMMIT[0m
Redirected to http://localhost:3001/user/list
Completed in 0.01326 (75 reqs/sec) | DB: 0.00600 (45%) | 302 Found [http://localhost/user/destroy/12]


Processing UserController#list (for 127.0.0.1 at 2007-05-23 16:41:50) [GET]
  Session ID: 993d80c27c865a3f0889ff0be5d4e417
  Parameters: {"action"=>"list", "controller"=>"user"}
  [4;36;1mUser Columns (0.003223)[0m   [0;1mSHOW FIELDS FROM users[0m
  [4;35;1mSQL (0.000531)[0m   [0mSELECT count(*) AS count_all FROM users [0m
  [4;36;1mUser Load (0.000828)[0m   [0;1mSELECT * FROM users LIMIT 0, 10[0m
Rendering /opt/local/lib/ruby/gems/1.8/gems/actionpack-1.13.3/lib/action_controller/templates/scaffolds/layout.rhtml
Completed in 0.01444 (69 reqs/sec) | Rendering: 0.00055 (3%) | DB: 0.00458 (31%) | 200 OK [http://localhost/user/list]


Processing UserController#destroy (for 127.0.0.1 at 2007-05-23 16:41:53) [POST]
  Session ID: 993d80c27c865a3f0889ff0be5d4e417
  Parameters: {"action"=>"destroy", "id"=>"13", "controller"=>"user"}
  [4;35;1mUser Columns (0.003610)[0m   [0mSHOW FIELDS FROM users[0m
  [4;36;1mUser Load (0.000976)[0m   [0;1mSELECT * FROM users WHERE (users.`id` = 13) [0m
  [4;35;1mSQL (0.000246)[0m   [0mBEGIN[0m
  [4;36;1mUser Destroy (0.000333)[0m   [0;1m DELETE FROM users
 WHERE `id` = 13
[0m
  [4;35;1mSQL (0.001058)[0m   [0mCOMMIT[0m
Redirected to http://localhost:3001/user/list
Completed in 0.01333 (75 reqs/sec) | DB: 0.00622 (46%) | 302 Found [http://localhost/user/destroy/13]


Processing UserController#list (for 127.0.0.1 at 2007-05-23 16:41:54) [GET]
  Session ID: 993d80c27c865a3f0889ff0be5d4e417
  Parameters: {"action"=>"list", "controller"=>"user"}
  [4;36;1mUser Columns (0.003406)[0m   [0;1mSHOW FIELDS FROM users[0m
  [4;35;1mSQL (0.000666)[0m   [0mSELECT count(*) AS count_all FROM users [0m
  [4;36;1mUser Load (0.000704)[0m   [0;1mSELECT * FROM users LIMIT 0, 10[0m
Rendering /opt/local/lib/ruby/gems/1.8/gems/actionpack-1.13.3/lib/action_controller/templates/scaffolds/layout.rhtml
Completed in 0.01503 (66 reqs/sec) | Rendering: 0.00045 (3%) | DB: 0.00478 (31%) | 200 OK [http://localhost/user/list]


Processing UserController#destroy (for 127.0.0.1 at 2007-05-23 16:41:56) [POST]
  Session ID: 993d80c27c865a3f0889ff0be5d4e417
  Parameters: {"action"=>"destroy", "id"=>"14", "controller"=>"user"}
  [4;35;1mUser Columns (0.002532)[0m   [0mSHOW FIELDS FROM users[0m
  [4;36;1mUser Load (0.000594)[0m   [0;1mSELECT * FROM users WHERE (users.`id` = 14) [0m
  [4;35;1mSQL (0.000282)[0m   [0mBEGIN[0m
  [4;36;1mUser Destroy (0.000389)[0m   [0;1m DELETE FROM users
 WHERE `id` = 14
[0m
  [4;35;1mSQL (0.000857)[0m   [0mCOMMIT[0m
Redirected to http://localhost:3001/user/list
Completed in 0.07753 (12 reqs/sec) | DB: 0.00465 (6%) | 302 Found [http://localhost/user/destroy/14]


Processing UserController#list (for 127.0.0.1 at 2007-05-23 16:41:56) [GET]
  Session ID: 993d80c27c865a3f0889ff0be5d4e417
  Parameters: {"action"=>"list", "controller"=>"user"}
  [4;36;1mUser Columns (0.003108)[0m   [0;1mSHOW FIELDS FROM users[0m
  [4;35;1mSQL (0.000570)[0m   [0mSELECT count(*) AS count_all FROM users [0m
  [4;36;1mUser Load (0.000681)[0m   [0;1mSELECT * FROM users LIMIT 0, 10[0m
Rendering /opt/local/lib/ruby/gems/1.8/gems/actionpack-1.13.3/lib/action_controller/templates/scaffolds/layout.rhtml
Completed in 0.01254 (79 reqs/sec) | Rendering: 0.00043 (3%) | DB: 0.00436 (34%) | 200 OK [http://localhost/user/list]


Processing UserController#destroy (for 127.0.0.1 at 2007-05-23 16:41:58) [POST]
  Session ID: 993d80c27c865a3f0889ff0be5d4e417
  Parameters: {"action"=>"destroy", "id"=>"15", "controller"=>"user"}
  [4;35;1mUser Columns (0.003698)[0m   [0mSHOW FIELDS FROM users[0m
  [4;36;1mUser Load (0.000786)[0m   [0;1mSELECT * FROM users WHERE (users.`id` = 15) [0m
  [4;35;1mSQL (0.000209)[0m   [0mBEGIN[0m
  [4;36;1mUser Destroy (0.000351)[0m   [0;1m DELETE FROM users
 WHERE `id` = 15
[0m
  [4;35;1mSQL (0.000865)[0m   [0mCOMMIT[0m
Redirected to http://localhost:3001/user/list
Completed in 0.01260 (79 reqs/sec) | DB: 0.00591 (46%) | 302 Found [http://localhost/user/destroy/15]


Processing UserController#list (for 127.0.0.1 at 2007-05-23 16:41:58) [GET]
  Session ID: 993d80c27c865a3f0889ff0be5d4e417
  Parameters: {"action"=>"list", "controller"=>"user"}
  [4;36;1mUser Columns (0.003473)[0m   [0;1mSHOW FIELDS FROM users[0m
  [4;35;1mSQL (0.001722)[0m   [0mSELECT count(*) AS count_all FROM users [0m
  [4;36;1mUser Load (0.000552)[0m   [0;1mSELECT * FROM users LIMIT 0, 10[0m
Rendering /opt/local/lib/ruby/gems/1.8/gems/actionpack-1.13.3/lib/action_controller/templates/scaffolds/layout.rhtml
Completed in 0.01419 (70 reqs/sec) | Rendering: 0.00044 (3%) | DB: 0.00575 (40%) | 200 OK [http://localhost/user/list]


Processing UserController#edit (for 127.0.0.1 at 2007-05-23 16:42:00) [GET]
  Session ID: 993d80c27c865a3f0889ff0be5d4e417
  Parameters: {"action"=>"edit", "id"=>"16", "controller"=>"user"}
  [4;35;1mUser Columns (0.001752)[0m   [0mSHOW FIELDS FROM users[0m
  [4;36;1mUser Load (0.001225)[0m   [0;1mSELECT * FROM users WHERE (users.`id` = 16) [0m
Rendering /opt/local/lib/ruby/gems/1.8/gems/actionpack-1.13.3/lib/action_controller/templates/scaffolds/layout.rhtml
Completed in 0.01004 (99 reqs/sec) | Rendering: 0.00033 (3%) | DB: 0.00298 (29%) | 200 OK [http://localhost/user/edit/16]


Processing UserController#update (for 127.0.0.1 at 2007-05-23 16:42:14) [POST]
  Session ID: 993d80c27c865a3f0889ff0be5d4e417
  Parameters: {"commit"=>"Update", "User"=>{"name"=>"Joe", "username"=>"Joe", "id"=>"16", "email"=>"joe@joemail.com"}, "action"=>"update", "id"=>"16", "controller"=>"user"}
  [4;35;1mUser Columns (0.003459)[0m   [0mSHOW FIELDS FROM users[0m
  [4;36;1mUser Load (0.000752)[0m   [0;1mSELECT * FROM users WHERE (users.`id` = 16) [0m
  [4;35;1mSQL (0.000217)[0m   [0mBEGIN[0m
  [4;36;1mUser Update (0.096363)[0m   [0;1mUPDATE users SET `username` = 'Joe', `email` = 'joe@joemail.com', `name` = 'Joe' WHERE `id` = 16[0m
  [4;35;1mSQL (0.001001)[0m   [0mCOMMIT[0m
Redirected to http://localhost:3001/user/show/16
Completed in 0.10937 (9 reqs/sec) | DB: 0.10179 (93%) | 302 Found [http://localhost/user/update/16]


Processing UserController#show (for 127.0.0.1 at 2007-05-23 16:42:15) [GET]
  Session ID: 993d80c27c865a3f0889ff0be5d4e417
  Parameters: {"action"=>"show", "id"=>"16", "controller"=>"user"}
  [4;36;1mUser Columns (0.003090)[0m   [0;1mSHOW FIELDS FROM users[0m
  [4;35;1mUser Load (0.000767)[0m   [0mSELECT * FROM users WHERE (users.`id` = 16) [0m
Rendering /opt/local/lib/ruby/gems/1.8/gems/actionpack-1.13.3/lib/action_controller/templates/scaffolds/layout.rhtml
Completed in 0.03546 (28 reqs/sec) | Rendering: 0.00047 (1%) | DB: 0.00386 (10%) | 200 OK [http://localhost/user/show/16]


Processing UserController#list (for 127.0.0.1 at 2007-05-23 16:42:18) [GET]
  Session ID: 993d80c27c865a3f0889ff0be5d4e417
  Parameters: {"action"=>"list", "controller"=>"user"}
  [4;36;1mUser Columns (0.003200)[0m   [0;1mSHOW FIELDS FROM users[0m
  [4;35;1mSQL (0.000491)[0m   [0mSELECT count(*) AS count_all FROM users [0m
  [4;36;1mUser Load (0.000646)[0m   [0;1mSELECT * FROM users LIMIT 0, 10[0m
Rendering /opt/local/lib/ruby/gems/1.8/gems/actionpack-1.13.3/lib/action_controller/templates/scaffolds/layout.rhtml
Completed in 0.01211 (82 reqs/sec) | Rendering: 0.00042 (3%) | DB: 0.00434 (35%) | 200 OK [http://localhost/user/list]


Processing UserController#list (for 127.0.0.1 at 2007-05-23 17:07:09) [GET]
  Session ID: 993d80c27c865a3f0889ff0be5d4e417
  Parameters: {"action"=>"list", "controller"=>"user"}
  [4;35;1mUser Columns (0.003294)[0m   [0mSHOW FIELDS FROM users[0m
  [4;36;1mSQL (0.000488)[0m   [0;1mSELECT count(*) AS count_all FROM users [0m
  [4;35;1mUser Load (0.000696)[0m   [0mSELECT * FROM users LIMIT 0, 10[0m
Rendering /opt/local/lib/ruby/gems/1.8/gems/actionpack-1.13.3/lib/action_controller/templates/scaffolds/layout.rhtml
Completed in 0.01222 (81 reqs/sec) | Rendering: 0.00043 (3%) | DB: 0.00448 (36%) | 200 OK [http://localhost/user/list]


Processing UserController#list (for 127.0.0.1 at 2007-05-23 17:07:10) [GET]
  Session ID: 993d80c27c865a3f0889ff0be5d4e417
  Parameters: {"action"=>"list", "controller"=>"user"}
  [4;36;1mUser Columns (0.003362)[0m   [0;1mSHOW FIELDS FROM users[0m
  [4;35;1mSQL (0.000493)[0m   [0mSELECT count(*) AS count_all FROM users [0m
  [4;36;1mUser Load (0.000645)[0m   [0;1mSELECT * FROM users LIMIT 0, 10[0m
Rendering /opt/local/lib/ruby/gems/1.8/gems/actionpack-1.13.3/lib/action_controller/templates/scaffolds/layout.rhtml
Completed in 0.01211 (82 reqs/sec) | Rendering: 0.00042 (3%) | DB: 0.00450 (37%) | 200 OK [http://localhost/user/list]


Processing UserController#destroy (for 127.0.0.1 at 2007-05-23 17:08:33) [POST]
  Session ID: 993d80c27c865a3f0889ff0be5d4e417
  Parameters: {"action"=>"destroy", "id"=>"16", "controller"=>"user"}
  [4;35;1mUser Columns (0.003878)[0m   [0mSHOW FIELDS FROM users[0m
  [4;36;1mUser Load (0.000747)[0m   [0;1mSELECT * FROM users WHERE (users.`id` = 16) [0m
  [4;35;1mSQL (0.000208)[0m   [0mBEGIN[0m
  [4;36;1mUser Destroy (0.000378)[0m   [0;1m DELETE FROM users
 WHERE `id` = 16
[0m
  [4;35;1mSQL (0.000828)[0m   [0mCOMMIT[0m
Redirected to http://localhost:3001/user/list
Completed in 0.01308 (76 reqs/sec) | DB: 0.00604 (46%) | 302 Found [http://localhost/user/destroy/16]


Processing UserController#list (for 127.0.0.1 at 2007-05-23 17:08:33) [GET]
  Session ID: 993d80c27c865a3f0889ff0be5d4e417
  Parameters: {"action"=>"list", "controller"=>"user"}
  [4;36;1mUser Columns (0.003526)[0m   [0;1mSHOW FIELDS FROM users[0m
  [4;35;1mSQL (0.000485)[0m   [0mSELECT count(*) AS count_all FROM users [0m
  [4;36;1mUser Load (0.000601)[0m   [0;1mSELECT * FROM users LIMIT 0, 10[0m
Rendering /opt/local/lib/ruby/gems/1.8/gems/actionpack-1.13.3/lib/action_controller/templates/scaffolds/layout.rhtml
Completed in 0.01093 (91 reqs/sec) | Rendering: 0.00043 (3%) | DB: 0.00461 (42%) | 200 OK [http://localhost/user/list]


Processing UserController#list (for 127.0.0.1 at 2007-05-23 17:08:54) [GET]
  Session ID: 993d80c27c865a3f0889ff0be5d4e417
  Parameters: {"action"=>"list", "controller"=>"user"}
  [4;35;1mUser Columns (0.003381)[0m   [0mSHOW FIELDS FROM users[0m
  [4;36;1mSQL (0.000516)[0m   [0;1mSELECT count(*) AS count_all FROM users [0m
  [4;35;1mUser Load (0.000648)[0m   [0mSELECT * FROM users LIMIT 0, 10[0m
Rendering /opt/local/lib/ruby/gems/1.8/gems/actionpack-1.13.3/lib/action_controller/templates/scaffolds/layout.rhtml
Completed in 0.01231 (81 reqs/sec) | Rendering: 0.00043 (3%) | DB: 0.00455 (36%) | 200 OK [http://localhost/user/list]


Processing UserController#show (for 127.0.0.1 at 2007-05-23 17:09:23) [GET]
  Session ID: 993d80c27c865a3f0889ff0be5d4e417
  Parameters: {"action"=>"show", "id"=>"17", "controller"=>"user"}
  [4;36;1mUser Columns (0.003459)[0m   [0;1mSHOW FIELDS FROM users[0m
  [4;35;1mUser Load (0.000764)[0m   [0mSELECT * FROM users WHERE (users.`id` = 17) [0m
Rendering /opt/local/lib/ruby/gems/1.8/gems/actionpack-1.13.3/lib/action_controller/templates/scaffolds/layout.rhtml
Completed in 0.07717 (12 reqs/sec) | Rendering: 0.00045 (0%) | DB: 0.00422 (5%) | 200 OK [http://localhost/user/show/17]


Processing UserController#list (for 127.0.0.1 at 2007-05-23 17:09:42) [GET]
  Session ID: 993d80c27c865a3f0889ff0be5d4e417
  Parameters: {"action"=>"list", "controller"=>"user"}
  [4;36;1mUser Columns (0.003318)[0m   [0;1mSHOW FIELDS FROM users[0m
  [4;35;1mSQL (0.001558)[0m   [0mSELECT count(*) AS count_all FROM users [0m
  [4;36;1mUser Load (0.000664)[0m   [0;1mSELECT * FROM users LIMIT 0, 10[0m
Rendering /opt/local/lib/ruby/gems/1.8/gems/actionpack-1.13.3/lib/action_controller/templates/scaffolds/layout.rhtml
Completed in 0.01349 (74 reqs/sec) | Rendering: 0.00044 (3%) | DB: 0.00554 (41%) | 200 OK [http://localhost/user/list]


Processing UserController#list (for 127.0.0.1 at 2007-05-23 17:11:33) [GET]
  Session ID: 993d80c27c865a3f0889ff0be5d4e417
  Parameters: {"action"=>"list", "controller"=>"user"}
  [4;35;1mUser Columns (0.003454)[0m   [0mSHOW FIELDS FROM users[0m
  [4;36;1mSQL (0.000551)[0m   [0;1mSELECT count(*) AS count_all FROM users [0m
  [4;35;1mUser Load (0.000648)[0m   [0mSELECT * FROM users LIMIT 0, 10[0m
Rendering /opt/local/lib/ruby/gems/1.8/gems/actionpack-1.13.3/lib/action_controller/templates/scaffolds/layout.rhtml
Completed in 0.01240 (80 reqs/sec) | Rendering: 0.00042 (3%) | DB: 0.00465 (37%) | 200 OK [http://localhost/user/list]


Processing UserController#list (for 127.0.0.1 at 2007-05-23 17:11:35) [GET]
  Session ID: 993d80c27c865a3f0889ff0be5d4e417
  Parameters: {"action"=>"list", "controller"=>"user"}
  [4;36;1mUser Columns (0.003270)[0m   [0;1mSHOW FIELDS FROM users[0m
  [4;35;1mSQL (0.000491)[0m   [0mSELECT count(*) AS count_all FROM users [0m
  [4;36;1mUser Load (0.000656)[0m   [0;1mSELECT * FROM users LIMIT 0, 10[0m
Rendering /opt/local/lib/ruby/gems/1.8/gems/actionpack-1.13.3/lib/action_controller/templates/scaffolds/layout.rhtml
Completed in 0.01229 (81 reqs/sec) | Rendering: 0.00042 (3%) | DB: 0.00442 (35%) | 200 OK [http://localhost/user/list]


Processing UserController#show (for 127.0.0.1 at 2007-05-23 17:11:36) [GET]
  Session ID: 993d80c27c865a3f0889ff0be5d4e417
  Parameters: {"action"=>"show", "id"=>"17", "controller"=>"user"}
  [4;35;1mUser Columns (0.003235)[0m   [0mSHOW FIELDS FROM users[0m
  [4;36;1mUser Load (0.000757)[0m   [0;1mSELECT * FROM users WHERE (users.`id` = 17) [0m
Rendering /opt/local/lib/ruby/gems/1.8/gems/actionpack-1.13.3/lib/action_controller/templates/scaffolds/layout.rhtml
Completed in 0.01128 (88 reqs/sec) | Rendering: 0.00042 (3%) | DB: 0.00399 (35%) | 200 OK [http://localhost/user/show/17]


Processing UserController#list (for 127.0.0.1 at 2007-05-23 17:11:38) [GET]
  Session ID: 993d80c27c865a3f0889ff0be5d4e417
  Parameters: {"action"=>"list", "controller"=>"user"}
  [4;35;1mUser Columns (0.003364)[0m   [0mSHOW FIELDS FROM users[0m
  [4;36;1mSQL (0.000556)[0m   [0;1mSELECT count(*) AS count_all FROM users [0m
  [4;35;1mUser Load (0.000697)[0m   [0mSELECT * FROM users LIMIT 0, 10[0m
Rendering /opt/local/lib/ruby/gems/1.8/gems/actionpack-1.13.3/lib/action_controller/templates/scaffolds/layout.rhtml
Completed in 0.01231 (81 reqs/sec) | Rendering: 0.00044 (3%) | DB: 0.00462 (37%) | 200 OK [http://localhost/user/list]
